<?xml version="1.0" encoding="UTF-8"?>
<!-- Generated by org.testng.reporters.JUnitXMLReporter -->
<testsuite ignored="0" hostname="DESKTOP-NN9F1OB" failures="0" tests="12" name="Test" time="121.476" errors="0" timestamp="08 Mar 2024 07:21:16 GMT">
  <testcase classname="com.crm.qa.testcases.BankManagerNavigationPageTest" name="testBankManagerLogin" time="3.852"/>
  <testcase classname="com.crm.qa.testcases.CustomerLoginTest" name="customerlogin" time="1.982"/>
  <testcase classname="com.crm.qa.testcases.AddCustomerPageTest" name="AddCustomerNotExist" time="1.548"/>
  <testcase classname="com.crm.qa.testcases.CustomerTransactionPageTest" name="Verify_Deposit_With_ValideAmmount" time="2.021"/>
  <testcase classname="com.crm.qa.testcases.OpenAccountPageTest" name="OpenAccount" time="11.602"/>
  <testcase classname="com.crm.qa.testcases.DepositTest" name="VerifyDepositWithValidAmount" time="2.579"/>
  <testcase classname="com.crm.qa.testcases.CustomersPageTest" name="DeleteCustomerEntry" time="1.181"/>
  <testcase classname="com.crm.qa.testcases.WithdrawalTest" name="Verify_Withdraw_With_ValideAmmount" time="12.868"/>
  <testcase classname="com.crm.qa.testcases.DepositTest" name="VerifyDepositWithInvalidAmount" time="2.219"/>
  <testcase classname="com.crm.qa.testcases.AddCustomerPageTest" name="AddCustomerExist" time="3.116"/>
  <testcase classname="com.crm.qa.testcases.WithdrawalTest" name="Verify_Withdraw_With_InValideAmmount" time="11.184"/>
  <testcase classname="com.crm.qa.testcases.WithdrawalTest" name="Verify_Withdraw_With_InSufficient" time="12.422"/>
</testsuite> <!-- Test -->
