<?xml version="1.0" encoding="UTF-8"?>
<!-- Generated by org.testng.reporters.JUnitXMLReporter -->
<testsuite ignored="0" hostname="DESKTOP-NN9F1OB" failures="0" tests="12" name="Test" time="113.386" errors="0" timestamp="08 Mar 2024 14:15:45 GMT">
  <testcase classname="com.crm.qa.testcases.BankManagerNavigationPageTest" name="testBankManagerLogin" time="3.792"/>
  <testcase classname="com.crm.qa.testcases.CustomerLoginTest" name="customerlogin" time="1.874"/>
  <testcase classname="com.crm.qa.testcases.AddCustomerPageTest" name="AddCustomerNotExist" time="1.515"/>
  <testcase classname="com.crm.qa.testcases.CustomerTransactionPageTest" name="Verify_Deposit_With_ValideAmmount" time="1.8"/>
  <testcase classname="com.crm.qa.testcases.OpenAccountPageTest" name="OpenAccount" time="11.405"/>
  <testcase classname="com.crm.qa.testcases.DepositTest" name="VerifyDepositWithValidAmount" time="2.579"/>
  <testcase classname="com.crm.qa.testcases.CustomersPageTest" name="DeleteCustomerEntry" time="1.065"/>
  <testcase classname="com.crm.qa.testcases.WithdrawalTest" name="Verify_Withdraw_With_ValideAmmount" time="12.406"/>
  <testcase classname="com.crm.qa.testcases.DepositTest" name="VerifyDepositWithInvalidAmount" time="2.474"/>
  <testcase classname="com.crm.qa.testcases.AddCustomerPageTest" name="AddCustomerExist" time="2.934"/>
  <testcase classname="com.crm.qa.testcases.WithdrawalTest" name="Verify_Withdraw_With_InValideAmmount" time="11.003"/>
  <testcase classname="com.crm.qa.testcases.WithdrawalTest" name="Verify_Withdraw_With_InSufficient" time="12.208"/>
</testsuite> <!-- Test -->
