<?xml version="1.0" encoding="UTF-8"?>
<testng-results ignored="0" total="12" passed="12" failed="0" skipped="0">
  <reporter-output>
  </reporter-output>
  <suite started-at="2024-03-08T14:13:51Z" name="Suite" finished-at="2024-03-08T14:15:44Z" duration-ms="113386">
    <groups>
    </groups>
    <test started-at="2024-03-08T14:13:51Z" name="Test" finished-at="2024-03-08T14:15:44Z" duration-ms="113386">
      <class name="com.crm.qa.testcases.CustomerLoginTest">
        <test-method is-config="true" signature="setUp()[pri:0, instance:com.crm.qa.testcases.CustomerLoginTest@48f278eb]" started-at="2024-03-08T19:43:59Z" name="setUp" finished-at="2024-03-08T19:44:01Z" duration-ms="2784" status="PASS">
          <reporter-output>
          </reporter-output>
        </test-method> <!-- setUp -->
        <test-method signature="customerlogin()[pri:1, instance:com.crm.qa.testcases.CustomerLoginTest@48f278eb]" started-at="2024-03-08T19:44:01Z" name="customerlogin" finished-at="2024-03-08T19:44:03Z" duration-ms="1874" status="PASS">
          <reporter-output>
          </reporter-output>
        </test-method> <!-- customerlogin -->
        <test-method is-config="true" signature="tearDown()[pri:0, instance:com.crm.qa.testcases.CustomerLoginTest@48f278eb]" started-at="2024-03-08T19:44:03Z" name="tearDown" finished-at="2024-03-08T19:44:04Z" duration-ms="174" status="PASS">
          <reporter-output>
          </reporter-output>
        </test-method> <!-- tearDown -->
        <test-method is-config="true" signature="teardownBrowser()[pri:0, instance:com.crm.qa.testcases.CustomerLoginTest@48f278eb]" started-at="2024-03-08T19:44:04Z" name="teardownBrowser" finished-at="2024-03-08T19:44:04Z" duration-ms="0" status="PASS">
          <reporter-output>
          </reporter-output>
        </test-method> <!-- teardownBrowser -->
      </class> <!-- com.crm.qa.testcases.CustomerLoginTest -->
      <class name="com.crm.qa.testcases.CustomerTransactionPageTest">
        <test-method is-config="true" signature="setUp()[pri:0, instance:com.crm.qa.testcases.CustomerTransactionPageTest@2f217633]" started-at="2024-03-08T19:44:09Z" name="setUp" finished-at="2024-03-08T19:44:13Z" duration-ms="4014" status="PASS">
          <reporter-output>
          </reporter-output>
        </test-method> <!-- setUp -->
        <test-method signature="Verify_Deposit_With_ValideAmmount()[pri:1, instance:com.crm.qa.testcases.CustomerTransactionPageTest@2f217633]" started-at="2024-03-08T19:44:13Z" name="Verify_Deposit_With_ValideAmmount" finished-at="2024-03-08T19:44:15Z" duration-ms="1800" status="PASS">
          <reporter-output>
          </reporter-output>
        </test-method> <!-- Verify_Deposit_With_ValideAmmount -->
        <test-method is-config="true" signature="tearDown()[pri:0, instance:com.crm.qa.testcases.CustomerTransactionPageTest@2f217633]" started-at="2024-03-08T19:44:15Z" name="tearDown" finished-at="2024-03-08T19:44:15Z" duration-ms="233" status="PASS">
          <reporter-output>
          </reporter-output>
        </test-method> <!-- tearDown -->
        <test-method is-config="true" signature="teardownBrowser()[pri:0, instance:com.crm.qa.testcases.CustomerTransactionPageTest@2f217633]" started-at="2024-03-08T19:44:15Z" name="teardownBrowser" finished-at="2024-03-08T19:44:15Z" duration-ms="0" status="PASS">
          <reporter-output>
          </reporter-output>
        </test-method> <!-- teardownBrowser -->
      </class> <!-- com.crm.qa.testcases.CustomerTransactionPageTest -->
      <class name="com.crm.qa.testcases.CustomersPageTest">
        <test-method is-config="true" signature="setUp()[pri:0, instance:com.crm.qa.testcases.CustomersPageTest@614ca7df]" started-at="2024-03-08T19:44:37Z" name="setUp" finished-at="2024-03-08T19:44:40Z" duration-ms="3470" status="PASS">
          <reporter-output>
          </reporter-output>
        </test-method> <!-- setUp -->
        <test-method signature="DeleteCustomerEntry()[pri:1, instance:com.crm.qa.testcases.CustomersPageTest@614ca7df]" started-at="2024-03-08T19:44:40Z" name="DeleteCustomerEntry" finished-at="2024-03-08T19:44:42Z" duration-ms="1065" status="PASS">
          <reporter-output>
          </reporter-output>
        </test-method> <!-- DeleteCustomerEntry -->
        <test-method is-config="true" signature="tearDown()[pri:0, instance:com.crm.qa.testcases.CustomersPageTest@614ca7df]" started-at="2024-03-08T19:44:42Z" name="tearDown" finished-at="2024-03-08T19:44:42Z" duration-ms="160" status="PASS">
          <reporter-output>
          </reporter-output>
        </test-method> <!-- tearDown -->
        <test-method is-config="true" signature="teardownBrowser()[pri:0, instance:com.crm.qa.testcases.CustomersPageTest@614ca7df]" started-at="2024-03-08T19:44:42Z" name="teardownBrowser" finished-at="2024-03-08T19:44:42Z" duration-ms="0" status="PASS">
          <reporter-output>
          </reporter-output>
        </test-method> <!-- teardownBrowser -->
      </class> <!-- com.crm.qa.testcases.CustomersPageTest -->
      <class name="com.crm.qa.testcases.AddCustomerPageTest">
        <test-method is-config="true" signature="setUp()[pri:0, instance:com.crm.qa.testcases.AddCustomerPageTest@7e7be63f]" started-at="2024-03-08T19:44:04Z" name="setUp" finished-at="2024-03-08T19:44:07Z" duration-ms="3550" status="PASS">
          <reporter-output>
          </reporter-output>
        </test-method> <!-- setUp -->
        <test-method signature="AddCustomerNotExist()[pri:1, instance:com.crm.qa.testcases.AddCustomerPageTest@7e7be63f]" started-at="2024-03-08T19:44:07Z" name="AddCustomerNotExist" finished-at="2024-03-08T19:44:09Z" duration-ms="1515" status="PASS">
          <reporter-output>
          </reporter-output>
        </test-method> <!-- AddCustomerNotExist -->
        <test-method is-config="true" signature="tearDown()[pri:0, instance:com.crm.qa.testcases.AddCustomerPageTest@7e7be63f]" started-at="2024-03-08T19:44:09Z" name="tearDown" finished-at="2024-03-08T19:44:09Z" duration-ms="210" status="PASS">
          <reporter-output>
          </reporter-output>
        </test-method> <!-- tearDown -->
        <test-method is-config="true" signature="teardownBrowser()[pri:0, instance:com.crm.qa.testcases.AddCustomerPageTest@7e7be63f]" started-at="2024-03-08T19:44:09Z" name="teardownBrowser" finished-at="2024-03-08T19:44:09Z" duration-ms="0" status="PASS">
          <reporter-output>
          </reporter-output>
        </test-method> <!-- teardownBrowser -->
        <test-method is-config="true" signature="setUp()[pri:0, instance:com.crm.qa.testcases.AddCustomerPageTest@7e7be63f]" started-at="2024-03-08T19:45:06Z" name="setUp" finished-at="2024-03-08T19:45:09Z" duration-ms="3413" status="PASS">
          <reporter-output>
          </reporter-output>
        </test-method> <!-- setUp -->
        <test-method signature="AddCustomerExist()[pri:2, instance:com.crm.qa.testcases.AddCustomerPageTest@7e7be63f]" started-at="2024-03-08T19:45:09Z" name="AddCustomerExist" finished-at="2024-03-08T19:45:12Z" depends-on-methods="com.crm.qa.testcases.AddCustomerPageTest.AddCustomerNotExist" duration-ms="2934" status="PASS">
          <reporter-output>
          </reporter-output>
        </test-method> <!-- AddCustomerExist -->
        <test-method is-config="true" signature="tearDown()[pri:0, instance:com.crm.qa.testcases.AddCustomerPageTest@7e7be63f]" started-at="2024-03-08T19:45:12Z" name="tearDown" finished-at="2024-03-08T19:45:12Z" duration-ms="189" status="PASS">
          <reporter-output>
          </reporter-output>
        </test-method> <!-- tearDown -->
        <test-method is-config="true" signature="teardownBrowser()[pri:0, instance:com.crm.qa.testcases.AddCustomerPageTest@7e7be63f]" started-at="2024-03-08T19:45:12Z" name="teardownBrowser" finished-at="2024-03-08T19:45:12Z" duration-ms="0" status="PASS">
          <reporter-output>
          </reporter-output>
        </test-method> <!-- teardownBrowser -->
      </class> <!-- com.crm.qa.testcases.AddCustomerPageTest -->
      <class name="com.crm.qa.testcases.DepositTest">
        <test-method is-config="true" signature="setUp()[pri:0, instance:com.crm.qa.testcases.DepositTest@a530d0a]" started-at="2024-03-08T19:44:30Z" name="setUp" finished-at="2024-03-08T19:44:34Z" duration-ms="4170" status="PASS">
          <reporter-output>
          </reporter-output>
        </test-method> <!-- setUp -->
        <test-method signature="VerifyDepositWithValidAmount()[pri:1, instance:com.crm.qa.testcases.DepositTest@a530d0a]" started-at="2024-03-08T19:44:34Z" name="VerifyDepositWithValidAmount" finished-at="2024-03-08T19:44:37Z" duration-ms="2579" status="PASS">
          <reporter-output>
          </reporter-output>
        </test-method> <!-- VerifyDepositWithValidAmount -->
        <test-method is-config="true" signature="tearDown()[pri:0, instance:com.crm.qa.testcases.DepositTest@a530d0a]" started-at="2024-03-08T19:44:37Z" name="tearDown" finished-at="2024-03-08T19:44:37Z" duration-ms="175" status="PASS">
          <reporter-output>
          </reporter-output>
        </test-method> <!-- tearDown -->
        <test-method is-config="true" signature="teardownBrowser()[pri:0, instance:com.crm.qa.testcases.DepositTest@a530d0a]" started-at="2024-03-08T19:44:37Z" name="teardownBrowser" finished-at="2024-03-08T19:44:37Z" duration-ms="1" status="PASS">
          <reporter-output>
          </reporter-output>
        </test-method> <!-- teardownBrowser -->
        <test-method is-config="true" signature="setUp()[pri:0, instance:com.crm.qa.testcases.DepositTest@a530d0a]" started-at="2024-03-08T19:44:59Z" name="setUp" finished-at="2024-03-08T19:45:03Z" duration-ms="4419" status="PASS">
          <reporter-output>
          </reporter-output>
        </test-method> <!-- setUp -->
        <test-method signature="VerifyDepositWithInvalidAmount()[pri:2, instance:com.crm.qa.testcases.DepositTest@a530d0a]" started-at="2024-03-08T19:45:03Z" name="VerifyDepositWithInvalidAmount" finished-at="2024-03-08T19:45:06Z" duration-ms="2474" status="PASS">
          <reporter-output>
          </reporter-output>
        </test-method> <!-- VerifyDepositWithInvalidAmount -->
        <test-method is-config="true" signature="tearDown()[pri:0, instance:com.crm.qa.testcases.DepositTest@a530d0a]" started-at="2024-03-08T19:45:06Z" name="tearDown" finished-at="2024-03-08T19:45:06Z" duration-ms="253" status="PASS">
          <reporter-output>
          </reporter-output>
        </test-method> <!-- tearDown -->
        <test-method is-config="true" signature="teardownBrowser()[pri:0, instance:com.crm.qa.testcases.DepositTest@a530d0a]" started-at="2024-03-08T19:45:06Z" name="teardownBrowser" finished-at="2024-03-08T19:45:06Z" duration-ms="0" status="PASS">
          <reporter-output>
          </reporter-output>
        </test-method> <!-- teardownBrowser -->
      </class> <!-- com.crm.qa.testcases.DepositTest -->
      <class name="com.crm.qa.testcases.WithdrawalTest">
        <test-method is-config="true" signature="setUp()[pri:0, instance:com.crm.qa.testcases.WithdrawalTest@1a18644]" started-at="2024-03-08T19:44:42Z" name="setUp" finished-at="2024-03-08T19:44:46Z" duration-ms="4528" status="PASS">
          <reporter-output>
          </reporter-output>
        </test-method> <!-- setUp -->
        <test-method signature="Verify_Withdraw_With_ValideAmmount()[pri:1, instance:com.crm.qa.testcases.WithdrawalTest@1a18644]" started-at="2024-03-08T19:44:46Z" name="Verify_Withdraw_With_ValideAmmount" finished-at="2024-03-08T19:44:59Z" duration-ms="12406" status="PASS">
          <reporter-output>
          </reporter-output>
        </test-method> <!-- Verify_Withdraw_With_ValideAmmount -->
        <test-method is-config="true" signature="tearDown()[pri:0, instance:com.crm.qa.testcases.WithdrawalTest@1a18644]" started-at="2024-03-08T19:44:59Z" name="tearDown" finished-at="2024-03-08T19:44:59Z" duration-ms="202" status="PASS">
          <reporter-output>
          </reporter-output>
        </test-method> <!-- tearDown -->
        <test-method is-config="true" signature="teardownBrowser()[pri:0, instance:com.crm.qa.testcases.WithdrawalTest@1a18644]" started-at="2024-03-08T19:44:59Z" name="teardownBrowser" finished-at="2024-03-08T19:44:59Z" duration-ms="0" status="PASS">
          <reporter-output>
          </reporter-output>
        </test-method> <!-- teardownBrowser -->
        <test-method is-config="true" signature="setUp()[pri:0, instance:com.crm.qa.testcases.WithdrawalTest@1a18644]" started-at="2024-03-08T19:45:12Z" name="setUp" finished-at="2024-03-08T19:45:17Z" duration-ms="4047" status="PASS">
          <reporter-output>
          </reporter-output>
        </test-method> <!-- setUp -->
        <test-method signature="Verify_Withdraw_With_InValideAmmount()[pri:2, instance:com.crm.qa.testcases.WithdrawalTest@1a18644]" started-at="2024-03-08T19:45:17Z" name="Verify_Withdraw_With_InValideAmmount" finished-at="2024-03-08T19:45:28Z" duration-ms="11003" status="PASS">
          <reporter-output>
          </reporter-output>
        </test-method> <!-- Verify_Withdraw_With_InValideAmmount -->
        <test-method is-config="true" signature="tearDown()[pri:0, instance:com.crm.qa.testcases.WithdrawalTest@1a18644]" started-at="2024-03-08T19:45:28Z" name="tearDown" finished-at="2024-03-08T19:45:28Z" duration-ms="203" status="PASS">
          <reporter-output>
          </reporter-output>
        </test-method> <!-- tearDown -->
        <test-method is-config="true" signature="teardownBrowser()[pri:0, instance:com.crm.qa.testcases.WithdrawalTest@1a18644]" started-at="2024-03-08T19:45:28Z" name="teardownBrowser" finished-at="2024-03-08T19:45:28Z" duration-ms="0" status="PASS">
          <reporter-output>
          </reporter-output>
        </test-method> <!-- teardownBrowser -->
        <test-method is-config="true" signature="setUp()[pri:0, instance:com.crm.qa.testcases.WithdrawalTest@1a18644]" started-at="2024-03-08T19:45:28Z" name="setUp" finished-at="2024-03-08T19:45:32Z" duration-ms="4284" status="PASS">
          <reporter-output>
          </reporter-output>
        </test-method> <!-- setUp -->
        <test-method signature="Verify_Withdraw_With_InSufficient()[pri:3, instance:com.crm.qa.testcases.WithdrawalTest@1a18644]" started-at="2024-03-08T19:45:32Z" name="Verify_Withdraw_With_InSufficient" finished-at="2024-03-08T19:45:44Z" duration-ms="12208" status="PASS">
          <reporter-output>
          </reporter-output>
        </test-method> <!-- Verify_Withdraw_With_InSufficient -->
        <test-method is-config="true" signature="tearDown()[pri:0, instance:com.crm.qa.testcases.WithdrawalTest@1a18644]" started-at="2024-03-08T19:45:44Z" name="tearDown" finished-at="2024-03-08T19:45:44Z" duration-ms="231" status="PASS">
          <reporter-output>
          </reporter-output>
        </test-method> <!-- tearDown -->
        <test-method is-config="true" signature="teardownBrowser()[pri:0, instance:com.crm.qa.testcases.WithdrawalTest@1a18644]" started-at="2024-03-08T19:45:44Z" name="teardownBrowser" finished-at="2024-03-08T19:45:44Z" duration-ms="0" status="PASS">
          <reporter-output>
          </reporter-output>
        </test-method> <!-- teardownBrowser -->
      </class> <!-- com.crm.qa.testcases.WithdrawalTest -->
      <class name="com.crm.qa.testcases.BankManagerNavigationPageTest">
        <test-method is-config="true" signature="setUp()[pri:0, instance:com.crm.qa.testcases.BankManagerNavigationPageTest@5acf93bb]" started-at="2024-03-08T19:43:51Z" name="setUp" finished-at="2024-03-08T19:43:55Z" duration-ms="3588" status="PASS">
          <reporter-output>
          </reporter-output>
        </test-method> <!-- setUp -->
        <test-method signature="testBankManagerLogin()[pri:0, instance:com.crm.qa.testcases.BankManagerNavigationPageTest@5acf93bb]" started-at="2024-03-08T19:43:55Z" name="testBankManagerLogin" finished-at="2024-03-08T19:43:58Z" duration-ms="3792" status="PASS">
          <reporter-output>
          </reporter-output>
        </test-method> <!-- testBankManagerLogin -->
        <test-method is-config="true" signature="tearDown()[pri:0, instance:com.crm.qa.testcases.BankManagerNavigationPageTest@5acf93bb]" started-at="2024-03-08T19:43:58Z" name="tearDown" finished-at="2024-03-08T19:43:59Z" duration-ms="184" status="PASS">
          <reporter-output>
          </reporter-output>
        </test-method> <!-- tearDown -->
        <test-method is-config="true" signature="teardownBrowser()[pri:0, instance:com.crm.qa.testcases.BankManagerNavigationPageTest@5acf93bb]" started-at="2024-03-08T19:43:59Z" name="teardownBrowser" finished-at="2024-03-08T19:43:59Z" duration-ms="0" status="PASS">
          <reporter-output>
          </reporter-output>
        </test-method> <!-- teardownBrowser -->
      </class> <!-- com.crm.qa.testcases.BankManagerNavigationPageTest -->
      <class name="com.crm.qa.testcases.OpenAccountPageTest">
        <test-method is-config="true" signature="setUp()[pri:0, instance:com.crm.qa.testcases.OpenAccountPageTest@6cd28fa7]" started-at="2024-03-08T19:44:15Z" name="setUp" finished-at="2024-03-08T19:44:18Z" duration-ms="3567" status="PASS">
          <reporter-output>
          </reporter-output>
        </test-method> <!-- setUp -->
        <test-method signature="OpenAccount()[pri:1, instance:com.crm.qa.testcases.OpenAccountPageTest@6cd28fa7]" started-at="2024-03-08T19:44:18Z" name="OpenAccount" finished-at="2024-03-08T19:44:30Z" duration-ms="11405" status="PASS">
          <reporter-output>
          </reporter-output>
        </test-method> <!-- OpenAccount -->
        <test-method is-config="true" signature="tearDown()[pri:0, instance:com.crm.qa.testcases.OpenAccountPageTest@6cd28fa7]" started-at="2024-03-08T19:44:30Z" name="tearDown" finished-at="2024-03-08T19:44:30Z" duration-ms="249" status="PASS">
          <reporter-output>
          </reporter-output>
        </test-method> <!-- tearDown -->
        <test-method is-config="true" signature="teardownBrowser()[pri:0, instance:com.crm.qa.testcases.OpenAccountPageTest@6cd28fa7]" started-at="2024-03-08T19:44:30Z" name="teardownBrowser" finished-at="2024-03-08T19:44:30Z" duration-ms="0" status="PASS">
          <reporter-output>
          </reporter-output>
        </test-method> <!-- teardownBrowser -->
      </class> <!-- com.crm.qa.testcases.OpenAccountPageTest -->
    </test> <!-- Test -->
  </suite> <!-- Suite -->
</testng-results>
