<?xml version="1.0" encoding="UTF-8"?>
<testsuite xmlns:xsi="http://www.w3.org/2001/XMLSchema-instance" xsi:noNamespaceSchemaLocation="https://maven.apache.org/surefire/maven-surefire-plugin/xsd/surefire-test-report.xsd" name="TestSuite" time="115.67" tests="12" errors="0" skipped="0" failures="0">
  <properties>
[...]
</properties>
  <testcase name="testBankManagerLogin" classname="com.crm.qa.testcases.BankManagerNavigationPageTest" time="3.793"/>
  <testcase name="customerlogin" classname="com.crm.qa.testcases.CustomerLoginTest" time="1.874"/>
  <testcase name="AddCustomerNotExist" classname="com.crm.qa.testcases.AddCustomerPageTest" time="1.516"/>
  <testcase name="Verify_Deposit_With_ValideAmmount" classname="com.crm.qa.testcases.CustomerTransactionPageTest" time="1.799"/>
  <testcase name="OpenAccount" classname="com.crm.qa.testcases.OpenAccountPageTest" time="11.405"/>
  <testcase name="VerifyDepositWithValidAmount" classname="com.crm.qa.testcases.DepositTest" time="2.578"/>
  <testcase name="DeleteCustomerEntry" classname="com.crm.qa.testcases.CustomersPageTest" time="1.066"/>
  <testcase name="Verify_Withdraw_With_ValideAmmount" classname="com.crm.qa.testcases.WithdrawalTest" time="12.406"/>
  <testcase name="VerifyDepositWithInvalidAmount" classname="com.crm.qa.testcases.DepositTest" time="2.475"/>
  <testcase name="AddCustomerExist" classname="com.crm.qa.testcases.AddCustomerPageTest" time="2.934"/>
  <testcase name="Verify_Withdraw_With_InValideAmmount" classname="com.crm.qa.testcases.WithdrawalTest" time="11.004"/>
  <testcase name="Verify_Withdraw_With_InSufficient" classname="com.crm.qa.testcases.WithdrawalTest" time="12.208"/>
</testsuite>