<?xml version="1.0" encoding="UTF-8"?>
<testng-results ignored="0" total="1" passed="1" failed="0" skipped="0">
  <reporter-output>
  </reporter-output>
  <suite started-at="2024-03-08T08:06:31Z" name="Default suite" finished-at="2024-03-08T08:06:37Z" duration-ms="6216">
    <groups>
    </groups>
    <test started-at="2024-03-08T08:06:31Z" name="Default test" finished-at="2024-03-08T08:06:37Z" duration-ms="6216">
      <class name="com.crm.qa.testcases.CustomerLoginTest">
        <test-method is-config="true" signature="setUp()[pri:0, instance:com.crm.qa.testcases.CustomerLoginTest@5e2c3d18]" started-at="2024-03-08T13:36:31Z" name="setUp" finished-at="2024-03-08T13:36:34Z" duration-ms="3579" status="PASS">
          <reporter-output>
          </reporter-output>
        </test-method> <!-- setUp -->
        <test-method signature="customerlogin()[pri:1, instance:com.crm.qa.testcases.CustomerLoginTest@5e2c3d18]" started-at="2024-03-08T13:36:34Z" name="customerlogin" finished-at="2024-03-08T13:36:37Z" duration-ms="2327" status="PASS">
          <reporter-output>
          </reporter-output>
        </test-method> <!-- customerlogin -->
        <test-method is-config="true" signature="tearDown()[pri:0, instance:com.crm.qa.testcases.CustomerLoginTest@5e2c3d18]" started-at="2024-03-08T13:36:37Z" name="tearDown" finished-at="2024-03-08T13:36:37Z" duration-ms="289" status="PASS">
          <reporter-output>
          </reporter-output>
        </test-method> <!-- tearDown -->
        <test-method is-config="true" signature="teardownBrowser()[pri:0, instance:com.crm.qa.testcases.CustomerLoginTest@5e2c3d18]" started-at="2024-03-08T13:36:37Z" name="teardownBrowser" finished-at="2024-03-08T13:36:37Z" duration-ms="0" status="PASS">
          <reporter-output>
          </reporter-output>
        </test-method> <!-- teardownBrowser -->
      </class> <!-- com.crm.qa.testcases.CustomerLoginTest -->
    </test> <!-- Default test -->
  </suite> <!-- Default suite -->
</testng-results>
